0 info it worked if it ends with ok
1 verbose cli [ '/usr/local/Cellar/node/5.9.1/bin/node',
1 verbose cli   '/usr/local/bin/npm',
1 verbose cli   'run',
1 verbose cli   'build-css' ]
2 info using npm@3.7.3
3 info using node@v5.9.1
4 verbose run-script [ 'prebuild-css', 'build-css', 'postbuild-css' ]
5 info lifecycle tripplanner@1.0.0~prebuild-css: tripplanner@1.0.0
6 silly lifecycle tripplanner@1.0.0~prebuild-css: no script for prebuild-css, continuing
7 info lifecycle tripplanner@1.0.0~build-css: tripplanner@1.0.0
8 verbose lifecycle tripplanner@1.0.0~build-css: unsafe-perm in lifecycle true
9 verbose lifecycle tripplanner@1.0.0~build-css: PATH: /usr/local/lib/node_modules/npm/bin/node-gyp-bin:/Users/kimber/Documents/grace_hopper/trip-planner-1604/node_modules/.bin:/usr/local/Cellar/node/5.9.1/bin:/usr/local/bin:/usr/bin:/bin:/usr/sbin:/sbin:/usr/local/git/bin:/Applications/Postgres.app/Contents/Versions/latest/bin
10 verbose lifecycle tripplanner@1.0.0~build-css: CWD: /Users/kimber/Documents/grace_hopper/trip-planner-1604
11 silly lifecycle tripplanner@1.0.0~build-css: Args: [ '-c',
11 silly lifecycle   'node-sass --include-path scss scss/main.scss public/css/main.css' ]
12 silly lifecycle tripplanner@1.0.0~build-css: Returned: code: 1  signal: null
13 info lifecycle tripplanner@1.0.0~build-css: Failed to exec build-css script
14 verbose stack Error: tripplanner@1.0.0 build-css: `node-sass --include-path scss scss/main.scss public/css/main.css`
14 verbose stack Exit status 1
14 verbose stack     at EventEmitter.<anonymous> (/usr/local/lib/node_modules/npm/lib/utils/lifecycle.js:239:16)
14 verbose stack     at emitTwo (events.js:100:13)
14 verbose stack     at EventEmitter.emit (events.js:185:7)
14 verbose stack     at ChildProcess.<anonymous> (/usr/local/lib/node_modules/npm/lib/utils/spawn.js:24:14)
14 verbose stack     at emitTwo (events.js:100:13)
14 verbose stack     at ChildProcess.emit (events.js:185:7)
14 verbose stack     at maybeClose (internal/child_process.js:850:16)
14 verbose stack     at Process.ChildProcess._handle.onexit (internal/child_process.js:215:5)
15 verbose pkgid tripplanner@1.0.0
16 verbose cwd /Users/kimber/Documents/grace_hopper/trip-planner-1604
17 error Darwin 15.3.0
18 error argv "/usr/local/Cellar/node/5.9.1/bin/node" "/usr/local/bin/npm" "run" "build-css"
19 error node v5.9.1
20 error npm  v3.7.3
21 error code ELIFECYCLE
22 error tripplanner@1.0.0 build-css: `node-sass --include-path scss scss/main.scss public/css/main.css`
22 error Exit status 1
23 error Failed at the tripplanner@1.0.0 build-css script 'node-sass --include-path scss scss/main.scss public/css/main.css'.
23 error Make sure you have the latest version of node.js and npm installed.
23 error If you do, this is most likely a problem with the tripplanner package,
23 error not with npm itself.
23 error Tell the author that this fails on your system:
23 error     node-sass --include-path scss scss/main.scss public/css/main.css
23 error You can get information on how to open an issue for this project with:
23 error     npm bugs tripplanner
23 error Or if that isn't available, you can get their info via:
23 error     npm owner ls tripplanner
23 error There is likely additional logging output above.
24 verbose exit [ 1, true ]
